[2025-05-26 17:08:55] [ERROR] Project: angularjs-springmvc
Failed to upgrade dependency: io.dropwizard:dropwizard-auth
Target Version: 4.3.7
Error:
[ERROR] COMPILATION ERROR : 
[INFO] -------------------------------------------------------------
[ERROR] /src/main/java/com/example/angularjs-springmvc/App.java:[12,8] cannot find symbol
  symbol:   method builder()
  location: class com.google.common.collect.ImmutableList
[INFO] 1 error
[INFO] -------------------------------------------------------------

Cause: cannot find symbol
Status: Upgrade Failed.
