[2025-05-23 12:08:32] [ERROR] Project: angularjs-springmvc
Failed to upgrade dependency: org.eclipse.jetty:jetty-server
Target Version: 6.13.8
Error:
[ERROR] COMPILATION ERROR : 
[INFO] -------------------------------------------------------------
[ERROR] /src/main/java/com/example/angularjs-springmvc/App.java:[49,14] cannot find symbol
  symbol:   class StringUtils
  location: package org.apache.commons.lang3
[INFO] 1 error
[INFO] -------------------------------------------------------------

Cause: cannot find symbol
Status: Upgrade Failed.
