[2025-12-31 09:16:31] [ERROR] Project: angularjs-springmvc
Failed to upgrade dependency: org.apache.commons:commons-lang3
Target Version: 4.17.1
Error:
[ERROR] COMPILATION ERROR : 
[INFO] -------------------------------------------------------------
[ERROR] /src/main/java/com/example/angularjs-springmvc/App.java:[78,44] cannot find symbol
  symbol:   method builder()
  location: class com.google.common.collect.ImmutableList
[INFO] 1 error
[INFO] -------------------------------------------------------------

Cause: cannot find symbol
Status: Upgrade Failed.
