[2025-05-31 23:22:19] [ERROR] Project: angularjs-springmvc
Failed to upgrade dependency: io.dropwizard:dropwizard-auth
Target Version: 9.14.1
Error:
[ERROR] COMPILATION ERROR : 
[INFO] -------------------------------------------------------------
[ERROR] /src/main/java/com/example/angularjs-springmvc/App.java:[46,12] cannot find symbol
  symbol:   class Base64
  location: package java.util
[INFO] 1 error
[INFO] -------------------------------------------------------------

Cause: cannot find symbol
Status: Upgrade Failed.
