[2025-05-29 11:59:21] [ERROR] Project: angularjs-springmvc
Failed to upgrade dependency: org.apache.commons:commons-lang3
Target Version: 5.5.4
Error:
[ERROR] COMPILATION ERROR : 
[INFO] -------------------------------------------------------------
[ERROR] /src/main/java/com/example/angularjs-springmvc/App.java:[42,21] cannot find symbol
  symbol:   class StringUtils
  location: package org.apache.commons.lang3
[INFO] 1 error
[INFO] -------------------------------------------------------------

Cause: cannot find symbol
Status: Upgrade Failed.
