[2025-05-27 22:21:18] [ERROR] Project: angularjs-springmvc
Failed to upgrade dependency: org.apache.commons:commons-lang3
Target Version: 10.6.7
Error:
[ERROR] COMPILATION ERROR : 
[INFO] -------------------------------------------------------------
[ERROR] /src/main/java/com/example/angularjs-springmvc/App.java:[16,42] cannot find symbol
  symbol:   method builder()
  location: class com.google.common.collect.ImmutableList
[INFO] 1 error
[INFO] -------------------------------------------------------------

Cause: cannot find symbol
Status: Upgrade Failed.
