[2025-05-17 14:03:35] [ERROR] Project: angularjs-springmvc
Failed to upgrade dependency: com.google.guava:guava
Target Version: 4.13.6
Error:
[ERROR] COMPILATION ERROR : 
[INFO] -------------------------------------------------------------
[ERROR] /src/main/java/com/example/angularjs-springmvc/App.java:[89,6] cannot find symbol
  symbol:   method builder()
  location: class com.google.common.collect.ImmutableList
[INFO] 1 error
[INFO] -------------------------------------------------------------

Cause: cannot find symbol
Status: Upgrade Failed.
