[2025-05-26 21:01:47] [ERROR] Project: angularjs-springmvc
Failed to upgrade dependency: com.google.guava:guava
Target Version: 8.17.6
Error:
[ERROR] COMPILATION ERROR : 
[INFO] -------------------------------------------------------------
[ERROR] /src/main/java/com/example/angularjs-springmvc/App.java:[74,22] cannot find symbol
  symbol:   method builder()
  location: class com.google.common.collect.ImmutableList
[INFO] 1 error
[INFO] -------------------------------------------------------------

Cause: cannot find symbol
Status: Upgrade Failed.
