[2025-05-25 13:04:14] [ERROR] Project: angularjs-springmvc
Failed to upgrade dependency: io.dropwizard:dropwizard-auth
Target Version: 2.11.9
Error:
[ERROR] COMPILATION ERROR : 
[INFO] -------------------------------------------------------------
[ERROR] /src/main/java/com/example/angularjs-springmvc/App.java:[12,35] cannot find symbol
  symbol:   method isEmpty(java.lang.String)
  location: class org.apache.commons.lang3.StringUtils
[INFO] 1 error
[INFO] -------------------------------------------------------------

Cause: cannot find symbol
Status: Upgrade Failed.
