[2025-02-21 17:29:30] [ERROR] Project: angularjs-springmvc
Failed to upgrade dependency: org.apache.commons:commons-lang3
Target Version: 7.16.7
Error:
[ERROR] COMPILATION ERROR : 
[INFO] -------------------------------------------------------------
[ERROR] /src/main/java/com/example/angularjs-springmvc/App.java:[62,49] cannot find symbol
  symbol:   method isEmpty(java.lang.String)
  location: class org.apache.commons.lang3.StringUtils
[INFO] 1 error
[INFO] -------------------------------------------------------------

Cause: cannot find symbol
Status: Upgrade Failed.
