[2025-12-05 09:24:30] [ERROR] Project: angularjs-springmvc
Failed to upgrade dependency: org.springframework:spring-core
Target Version: 6.17.7
Error:
[ERROR] COMPILATION ERROR : 
[INFO] -------------------------------------------------------------
[ERROR] /src/main/java/com/example/angularjs-springmvc/App.java:[87,47] cannot find symbol
  symbol:   method builder()
  location: class com.google.common.collect.ImmutableList
[INFO] 1 error
[INFO] -------------------------------------------------------------

Cause: cannot find symbol
Status: Upgrade Failed.
