[2025-05-20 06:13:55] [ERROR] Project: angularjs-springmvc
Failed to upgrade dependency: org.apache.commons:commons-lang3
Target Version: 2.6.10
Error:
[ERROR] COMPILATION ERROR : 
[INFO] -------------------------------------------------------------
[ERROR] /src/main/java/com/example/angularjs-springmvc/App.java:[13,6] cannot find symbol
  symbol:   class ObjectMapper
  location: package com.fasterxml.jackson.databind
[INFO] 1 error
[INFO] -------------------------------------------------------------

Cause: cannot find symbol
Status: Upgrade Failed.
