[2025-05-17 08:19:11] [ERROR] Project: angularjs-springmvc
Failed to upgrade dependency: org.springframework:spring-core
Target Version: 2.13.5
Error:
[ERROR] COMPILATION ERROR : 
[INFO] -------------------------------------------------------------
[ERROR] /src/main/java/com/example/angularjs-springmvc/App.java:[96,26] cannot find symbol
  symbol:   method builder()
  location: class com.google.common.collect.ImmutableList
[INFO] 1 error
[INFO] -------------------------------------------------------------

Cause: cannot find symbol
Status: Upgrade Failed.
