[2025-05-15 23:32:28] [ERROR] Project: angularjs-springmvc
Failed to upgrade dependency: io.dropwizard:dropwizard-auth
Target Version: 5.11.4
Error:
[ERROR] COMPILATION ERROR : 
[INFO] -------------------------------------------------------------
[ERROR] /src/main/java/com/example/angularjs-springmvc/App.java:[89,21] cannot find symbol
  symbol:   method builder()
  location: class com.google.common.collect.ImmutableList
[INFO] 1 error
[INFO] -------------------------------------------------------------

Cause: cannot find symbol
Status: Upgrade Failed.
