[2025-05-22 19:52:18] [ERROR] Project: Azure
Failed to upgrade dependency: com.google.guava:guava
Target Version: 3.15.5
Error:
[ERROR] COMPILATION ERROR : 
[INFO] -------------------------------------------------------------
[ERROR] /src/main/java/com/example/Azure/App.java:[33,4] cannot find symbol
  symbol:   class StringUtils
  location: package org.apache.commons.lang3
[INFO] 1 error
[INFO] -------------------------------------------------------------

Cause: cannot find symbol
Status: Upgrade Failed.
