[2025-08-08 10:06:31] [ERROR] Project: Azure
Failed to upgrade dependency: org.springframework:spring-core
Target Version: 7.4.9
Error:
[ERROR] COMPILATION ERROR : 
[INFO] -------------------------------------------------------------
[ERROR] /src/main/java/com/example/Azure/App.java:[76,49] cannot find symbol
  symbol:   method isEmpty(java.lang.String)
  location: class org.apache.commons.lang3.StringUtils
[INFO] 1 error
[INFO] -------------------------------------------------------------

Cause: cannot find symbol
Status: Upgrade Failed.
