[2025-06-01 04:35:04] [ERROR] Project: Azure
Failed to upgrade dependency: io.dropwizard:dropwizard-auth
Target Version: 7.9.6
Error:
[ERROR] COMPILATION ERROR : 
[INFO] -------------------------------------------------------------
[ERROR] /src/main/java/com/example/Azure/App.java:[93,38] cannot find symbol
  symbol:   class Base64
  location: package java.util
[INFO] 1 error
[INFO] -------------------------------------------------------------

Cause: cannot find symbol
Status: Upgrade Failed.
