[2025-11-01 04:30:31] [ERROR] Project: Azure
Failed to upgrade dependency: io.dropwizard:dropwizard-auth
Target Version: 6.17.4
Error:
[ERROR] COMPILATION ERROR : 
[INFO] -------------------------------------------------------------
[ERROR] /src/main/java/com/example/Azure/App.java:[48,3] method does not override or implement a method from a supertype
[INFO] 1 error
[INFO] -------------------------------------------------------------

Cause: method does not override or implement a method from a supertype
Status: Upgrade Failed.
