[2025-05-26 23:09:20] [ERROR] Project: Azure
Failed to upgrade dependency: org.apache.commons:commons-lang3
Target Version: 10.19.8
Error:
[ERROR] COMPILATION ERROR : 
[INFO] -------------------------------------------------------------
[ERROR] /src/main/java/com/example/Azure/App.java:[71,5] cannot find symbol
  symbol:   method isEmpty(java.lang.String)
  location: class org.apache.commons.lang3.StringUtils
[INFO] 1 error
[INFO] -------------------------------------------------------------

Cause: cannot find symbol
Status: Upgrade Failed.
