[2025-05-10 19:18:31] [ERROR] Project: Azure
Failed to upgrade dependency: org.apache.commons:commons-lang3
Target Version: 4.11.10
Error:
[ERROR] COMPILATION ERROR : 
[INFO] -------------------------------------------------------------
[ERROR] /src/main/java/com/example/Azure/App.java:[15,39] cannot find symbol
  symbol:   class ObjectMapper
  location: package com.fasterxml.jackson.databind
[INFO] 1 error
[INFO] -------------------------------------------------------------

Cause: cannot find symbol
Status: Upgrade Failed.
