[2025-05-30 22:51:08] [ERROR] Project: Biblio-Transformation
Failed to upgrade dependency: org.apache.commons:commons-lang3
Target Version: 7.18.10
Error:
[ERROR] COMPILATION ERROR : 
[INFO] -------------------------------------------------------------
[ERROR] /src/main/java/com/example/Biblio-Transformation/App.java:[97,38] cannot find symbol
  symbol:   method isEmpty(java.lang.String)
  location: class org.apache.commons.lang3.StringUtils
[INFO] 1 error
[INFO] -------------------------------------------------------------

Cause: cannot find symbol
Status: Upgrade Failed.
