[2025-05-24 16:26:22] [ERROR] Project: calista-bot
Failed to upgrade dependency: io.dropwizard:dropwizard-auth
Target Version: 9.20.9
Error:
[ERROR] COMPILATION ERROR : 
[INFO] -------------------------------------------------------------
[ERROR] /src/main/java/com/example/calista-bot/App.java:[21,18] cannot find symbol
  symbol:   method builder()
  location: class com.google.common.collect.ImmutableList
[INFO] 1 error
[INFO] -------------------------------------------------------------

Cause: cannot find symbol
Status: Upgrade Failed.
