[2025-12-16 16:49:31] [ERROR] Project: calista-bot
Failed to upgrade dependency: com.google.guava:guava
Target Version: 7.9.7
Error:
[ERROR] COMPILATION ERROR : 
[INFO] -------------------------------------------------------------
[ERROR] /src/main/java/com/example/calista-bot/App.java:[14,50] cannot find symbol
  symbol:   method builder()
  location: class com.google.common.collect.ImmutableList
[INFO] 1 error
[INFO] -------------------------------------------------------------

Cause: cannot find symbol
Status: Upgrade Failed.
