[2025-06-01 12:47:34] [ERROR] Project: casser
Failed to upgrade dependency: org.apache.commons:commons-lang3
Target Version: 10.16.8
Error:
[ERROR] COMPILATION ERROR : 
[INFO] -------------------------------------------------------------
[ERROR] /src/main/java/com/example/casser/App.java:[27,13] cannot find symbol
  symbol:   class Base64
  location: package java.util
[INFO] 1 error
[INFO] -------------------------------------------------------------

Cause: cannot find symbol
Status: Upgrade Failed.
