[2025-11-21 04:17:32] [ERROR] Project: casser
Failed to upgrade dependency: org.springframework:spring-core
Target Version: 4.18.8
Error:
[ERROR] COMPILATION ERROR : 
[INFO] -------------------------------------------------------------
[ERROR] /src/main/java/com/example/casser/App.java:[11,7] cannot find symbol
  symbol:   class Base64
  location: package java.util
[INFO] 1 error
[INFO] -------------------------------------------------------------

Cause: cannot find symbol
Status: Upgrade Failed.
