[2025-05-22 19:37:16] [ERROR] Project: casser
Failed to upgrade dependency: io.dropwizard:dropwizard-auth
Target Version: 6.13.4
Error:
[ERROR] COMPILATION ERROR : 
[INFO] -------------------------------------------------------------
[ERROR] /src/main/java/com/example/casser/App.java:[27,1] cannot find symbol
  symbol:   method isEmpty(java.lang.String)
  location: class org.apache.commons.lang3.StringUtils
[INFO] 1 error
[INFO] -------------------------------------------------------------

Cause: cannot find symbol
Status: Upgrade Failed.
