[2025-05-31 18:37:31] [ERROR] Project: cypher_batch_writer
Failed to upgrade dependency: io.dropwizard:dropwizard-auth
Target Version: 10.5.7
Error:
[ERROR] COMPILATION ERROR : 
[INFO] -------------------------------------------------------------
[ERROR] /src/main/java/com/example/cypher_batch_writer/App.java:[41,22] cannot find symbol
  symbol:   method builder()
  location: class com.google.common.collect.ImmutableList
[INFO] 1 error
[INFO] -------------------------------------------------------------

Cause: cannot find symbol
Status: Upgrade Failed.
