[2025-05-20 08:06:08] [ERROR] Project: cypher_batch_writer
Failed to upgrade dependency: org.apache.commons:commons-lang3
Target Version: 9.19.7
Error:
[ERROR] COMPILATION ERROR : 
[INFO] -------------------------------------------------------------
[ERROR] /src/main/java/com/example/cypher_batch_writer/App.java:[73,6] cannot find symbol
  symbol:   class ObjectMapper
  location: package com.fasterxml.jackson.databind
[INFO] 1 error
[INFO] -------------------------------------------------------------

Cause: cannot find symbol
Status: Upgrade Failed.
