[2025-05-21 17:28:06] [ERROR] Project: cypher_batch_writer
Failed to upgrade dependency: io.dropwizard:dropwizard-auth
Target Version: 3.17.6
Error:
[ERROR] COMPILATION ERROR : 
[INFO] -------------------------------------------------------------
[ERROR] /src/main/java/com/example/cypher_batch_writer/App.java:[89,34] cannot find symbol
  symbol:   class StringUtils
  location: package org.apache.commons.lang3
[INFO] 1 error
[INFO] -------------------------------------------------------------

Cause: cannot find symbol
Status: Upgrade Failed.
