[2025-04-29 03:27:28] [ERROR] Project: dropwizard-auth-jwt
Failed to upgrade dependency: io.dropwizard:dropwizard-auth
Target Version: 4.6.6
Error:
[ERROR] COMPILATION ERROR : 
[INFO] -------------------------------------------------------------
[ERROR] /src/main/java/com/example/dropwizard-auth-jwt/App.java:[27,1] cannot find symbol
  symbol:   method isEmpty(java.lang.String)
  location: class org.apache.commons.lang3.StringUtils
[INFO] 1 error
[INFO] -------------------------------------------------------------

Cause: cannot find symbol
Status: Upgrade Failed.
