[2025-12-17 02:57:29] [ERROR] Project: dropwizard-entity
Failed to upgrade dependency: org.eclipse.jetty:jetty-server
Target Version: 3.11.3
Error:
[ERROR] COMPILATION ERROR : 
[INFO] -------------------------------------------------------------
[ERROR] /src/main/java/com/example/dropwizard-entity/App.java:[13,45] cannot find symbol
  symbol:   method builder()
  location: class com.google.common.collect.ImmutableList
[INFO] 1 error
[INFO] -------------------------------------------------------------

Cause: cannot find symbol
Status: Upgrade Failed.
