[2025-05-20 01:53:02] [ERROR] Project: dropwizard-entity
Failed to upgrade dependency: org.apache.commons:commons-lang3
Target Version: 4.14.9
Error:
[ERROR] COMPILATION ERROR : 
[INFO] -------------------------------------------------------------
[ERROR] /src/main/java/com/example/dropwizard-entity/App.java:[55,14] cannot find symbol
  symbol:   class Base64
  location: package java.util
[INFO] 1 error
[INFO] -------------------------------------------------------------

Cause: cannot find symbol
Status: Upgrade Failed.
