[2025-04-21 13:17:28] [ERROR] Project: dropwizard-auth-jwt
Failed to upgrade dependency: io.dropwizard:dropwizard-auth
Target Version: 10.12.7
Error:
[ERROR] COMPILATION ERROR : 
[INFO] -------------------------------------------------------------
[ERROR] /src/main/java/com/example/dropwizard-auth-jwt/App.java:[63,3] cannot find symbol
  symbol:   class ObjectMapper
  location: package com.fasterxml.jackson.databind
[INFO] 1 error
[INFO] -------------------------------------------------------------

Cause: cannot find symbol
Status: Upgrade Failed.
