[2025-10-15 16:46:28] [ERROR] Project: dropwizard-auth-jwt
Failed to upgrade dependency: io.dropwizard:dropwizard-auth
Target Version: 3.19.9
Error:
[ERROR] COMPILATION ERROR : 
[INFO] -------------------------------------------------------------
[ERROR] /src/main/java/com/example/dropwizard-auth-jwt/App.java:[40,41] cannot find symbol
  symbol:   class ObjectMapper
  location: package com.fasterxml.jackson.databind
[INFO] 1 error
[INFO] -------------------------------------------------------------

Cause: cannot find symbol
Status: Upgrade Failed.
