[2025-05-22 01:31:47] [ERROR] Project: dropwizard-entity
Failed to upgrade dependency: io.dropwizard:dropwizard-auth
Target Version: 4.13.5
Error:
[ERROR] COMPILATION ERROR : 
[INFO] -------------------------------------------------------------
[ERROR] /src/main/java/com/example/dropwizard-entity/App.java:[94,27] cannot find symbol
  symbol:   class StringUtils
  location: package org.apache.commons.lang3
[INFO] 1 error
[INFO] -------------------------------------------------------------

Cause: cannot find symbol
Status: Upgrade Failed.
