[2025-09-14 17:41:30] [ERROR] Project: dropwizard-entity
Failed to upgrade dependency: org.eclipse.jetty:jetty-server
Target Version: 2.12.6
Error:
[ERROR] COMPILATION ERROR : 
[INFO] -------------------------------------------------------------
[ERROR] /src/main/java/com/example/dropwizard-entity/App.java:[69,4] cannot find symbol
  symbol:   method builder()
  location: class com.google.common.collect.ImmutableList
[INFO] 1 error
[INFO] -------------------------------------------------------------

Cause: cannot find symbol
Status: Upgrade Failed.
