[2025-03-26 04:15:30] [ERROR] Project: dropwizard-entity
Failed to upgrade dependency: org.apache.commons:commons-lang3
Target Version: 6.4.1
Error:
[ERROR] COMPILATION ERROR : 
[INFO] -------------------------------------------------------------
[ERROR] /src/main/java/com/example/dropwizard-entity/App.java:[93,14] cannot find symbol
  symbol:   class Base64
  location: package java.util
[INFO] 1 error
[INFO] -------------------------------------------------------------

Cause: cannot find symbol
Status: Upgrade Failed.
