[2025-05-28 11:38:30] [ERROR] Project: dropwizard-entity
Failed to upgrade dependency: com.google.guava:guava
Target Version: 4.0.4
Error:
[ERROR] COMPILATION ERROR : 
[INFO] -------------------------------------------------------------
[ERROR] /src/main/java/com/example/dropwizard-entity/App.java:[38,7] cannot find symbol
  symbol:   method builder()
  location: class com.google.common.collect.ImmutableList
[INFO] 1 error
[INFO] -------------------------------------------------------------

Cause: cannot find symbol
Status: Upgrade Failed.
