[2025-01-25 13:46:28] [ERROR] Project: dropwizard-entity
Failed to upgrade dependency: org.apache.commons:commons-lang3
Target Version: 10.12.5
Error:
[ERROR] COMPILATION ERROR : 
[INFO] -------------------------------------------------------------
[ERROR] /src/main/java/com/example/dropwizard-entity/App.java:[21,46] cannot find symbol
  symbol:   class StringUtils
  location: package org.apache.commons.lang3
[INFO] 1 error
[INFO] -------------------------------------------------------------

Cause: cannot find symbol
Status: Upgrade Failed.
