[2025-06-04 14:14:31] [ERROR] Project: dropwizard-entity
Failed to upgrade dependency: io.dropwizard:dropwizard-auth
Target Version: 10.6.8
Error:
[ERROR] COMPILATION ERROR : 
[INFO] -------------------------------------------------------------
[ERROR] /src/main/java/com/example/dropwizard-entity/App.java:[21,33] cannot find symbol
  symbol:   method isEmpty(java.lang.String)
  location: class org.apache.commons.lang3.StringUtils
[INFO] 1 error
[INFO] -------------------------------------------------------------

Cause: cannot find symbol
Status: Upgrade Failed.
