[2025-05-23 13:18:10] [ERROR] Project: dropwizard-auth-jwt
Failed to upgrade dependency: org.eclipse.jetty:jetty-server
Target Version: 5.9.4
Error:
[ERROR] COMPILATION ERROR : 
[INFO] -------------------------------------------------------------
[ERROR] /src/main/java/com/example/dropwizard-auth-jwt/App.java:[88,34] cannot find symbol
  symbol:   class ObjectMapper
  location: package com.fasterxml.jackson.databind
[INFO] 1 error
[INFO] -------------------------------------------------------------

Cause: cannot find symbol
Status: Upgrade Failed.
