[2025-07-12 06:42:28] [ERROR] Project: dropwizard-auth-jwt
Failed to upgrade dependency: org.eclipse.jetty:jetty-server
Target Version: 3.4.9
Error:
[ERROR] COMPILATION ERROR : 
[INFO] -------------------------------------------------------------
[ERROR] /src/main/java/com/example/dropwizard-auth-jwt/App.java:[69,14] cannot find symbol
  symbol:   class Base64
  location: package java.util
[INFO] 1 error
[INFO] -------------------------------------------------------------

Cause: cannot find symbol
Status: Upgrade Failed.
