[2025-06-03 06:51:28] [ERROR] Project: dropwizard-entity
Failed to upgrade dependency: org.eclipse.jetty:jetty-server
Target Version: 4.7.7
Error:
[ERROR] COMPILATION ERROR : 
[INFO] -------------------------------------------------------------
[ERROR] /src/main/java/com/example/dropwizard-entity/App.java:[37,16] cannot find symbol
  symbol:   class Base64
  location: package java.util
[INFO] 1 error
[INFO] -------------------------------------------------------------

Cause: cannot find symbol
Status: Upgrade Failed.
