[2025-05-22 10:51:49] [ERROR] Project: dropwizard-auth-jwt
Failed to upgrade dependency: org.eclipse.jetty:jetty-server
Target Version: 9.8.1
Error:
[ERROR] COMPILATION ERROR : 
[INFO] -------------------------------------------------------------
[ERROR] /src/main/java/com/example/dropwizard-auth-jwt/App.java:[96,41] cannot find symbol
  symbol:   class StringUtils
  location: package org.apache.commons.lang3
[INFO] 1 error
[INFO] -------------------------------------------------------------

Cause: cannot find symbol
Status: Upgrade Failed.
