[2025-07-01 18:42:30] [ERROR] Project: dropwizard-entity
Failed to upgrade dependency: org.springframework:spring-core
Target Version: 4.13.9
Error:
[ERROR] COMPILATION ERROR : 
[INFO] -------------------------------------------------------------
[ERROR] /src/main/java/com/example/dropwizard-entity/App.java:[82,27] cannot find symbol
  symbol:   method isEmpty(java.lang.String)
  location: class org.apache.commons.lang3.StringUtils
[INFO] 1 error
[INFO] -------------------------------------------------------------

Cause: cannot find symbol
Status: Upgrade Failed.
