[2026-01-13 16:54:28] [ERROR] Project: dropwizard-auth-jwt
Failed to upgrade dependency: org.eclipse.jetty:jetty-server
Target Version: 2.14.2
Error:
[ERROR] COMPILATION ERROR : 
[INFO] -------------------------------------------------------------
[ERROR] /src/main/java/com/example/dropwizard-auth-jwt/App.java:[23,1] cannot find symbol
  symbol:   method isEmpty(java.lang.String)
  location: class org.apache.commons.lang3.StringUtils
[INFO] 1 error
[INFO] -------------------------------------------------------------

Cause: cannot find symbol
Status: Upgrade Failed.
