[2025-05-19 23:45:45] [ERROR] Project: dropwizard-auth-jwt
Failed to upgrade dependency: org.springframework:spring-core
Target Version: 9.20.2
Error:
[ERROR] COMPILATION ERROR : 
[INFO] -------------------------------------------------------------
[ERROR] /src/main/java/com/example/dropwizard-auth-jwt/App.java:[43,29] cannot find symbol
  symbol:   method builder()
  location: class com.google.common.collect.ImmutableList
[INFO] 1 error
[INFO] -------------------------------------------------------------

Cause: cannot find symbol
Status: Upgrade Failed.
