[2025-05-23 12:28:27] [ERROR] Project: dropwizard-entity
Failed to upgrade dependency: org.apache.commons:commons-lang3
Target Version: 4.20.1
Error:
[ERROR] COMPILATION ERROR : 
[INFO] -------------------------------------------------------------
[ERROR] /src/main/java/com/example/dropwizard-entity/App.java:[66,27] cannot find symbol
  symbol:   class Base64
  location: package java.util
[INFO] 1 error
[INFO] -------------------------------------------------------------

Cause: cannot find symbol
Status: Upgrade Failed.
