[2025-05-21 00:18:45] [ERROR] Project: dropwizard-auth-jwt
Failed to upgrade dependency: org.apache.commons:commons-lang3
Target Version: 9.12.7
Error:
[ERROR] COMPILATION ERROR : 
[INFO] -------------------------------------------------------------
[ERROR] /src/main/java/com/example/dropwizard-auth-jwt/App.java:[24,8] cannot find symbol
  symbol:   class ObjectMapper
  location: package com.fasterxml.jackson.databind
[INFO] 1 error
[INFO] -------------------------------------------------------------

Cause: cannot find symbol
Status: Upgrade Failed.
