[2025-05-16 04:45:01] [ERROR] Project: dropwizard-entity
Failed to upgrade dependency: org.eclipse.jetty:jetty-server
Target Version: 2.13.5
Error:
[ERROR] COMPILATION ERROR : 
[INFO] -------------------------------------------------------------
[ERROR] /src/main/java/com/example/dropwizard-entity/App.java:[68,3] cannot find symbol
  symbol:   method builder()
  location: class com.google.common.collect.ImmutableList
[INFO] 1 error
[INFO] -------------------------------------------------------------

Cause: cannot find symbol
Status: Upgrade Failed.
