[2025-05-30 22:40:41] [ERROR] Project: ehcache3-samples
Failed to upgrade dependency: io.dropwizard:dropwizard-auth
Target Version: 5.4.3
Error:
[ERROR] COMPILATION ERROR : 
[INFO] -------------------------------------------------------------
[ERROR] /src/main/java/com/example/ehcache3-samples/App.java:[87,19] cannot find symbol
  symbol:   class Base64
  location: package java.util
[INFO] 1 error
[INFO] -------------------------------------------------------------

Cause: cannot find symbol
Status: Upgrade Failed.
