[2025-05-26 20:20:25] [ERROR] Project: ehcache3-samples
Failed to upgrade dependency: io.dropwizard:dropwizard-auth
Target Version: 8.18.9
Error:
[ERROR] COMPILATION ERROR : 
[INFO] -------------------------------------------------------------
[ERROR] /src/main/java/com/example/ehcache3-samples/App.java:[51,41] cannot find symbol
  symbol:   method isEmpty(java.lang.String)
  location: class org.apache.commons.lang3.StringUtils
[INFO] 1 error
[INFO] -------------------------------------------------------------

Cause: cannot find symbol
Status: Upgrade Failed.
