[2025-06-04 04:53:02] [ERROR] Project: ehcache3-samples
Failed to upgrade dependency: org.apache.commons:commons-lang3
Target Version: 2.17.2
Error:
[ERROR] COMPILATION ERROR : 
[INFO] -------------------------------------------------------------
[ERROR] /src/main/java/com/example/ehcache3-samples/App.java:[93,23] cannot find symbol
  symbol:   method builder()
  location: class com.google.common.collect.ImmutableList
[INFO] 1 error
[INFO] -------------------------------------------------------------

Cause: cannot find symbol
Status: Upgrade Failed.
