[2025-05-15 23:27:35] [ERROR] Project: ehcache3-samples
Failed to upgrade dependency: io.dropwizard:dropwizard-auth
Target Version: 3.16.3
Error:
[ERROR] COMPILATION ERROR : 
[INFO] -------------------------------------------------------------
[ERROR] /src/main/java/com/example/ehcache3-samples/App.java:[33,18] cannot find symbol
  symbol:   method isEmpty(java.lang.String)
  location: class org.apache.commons.lang3.StringUtils
[INFO] 1 error
[INFO] -------------------------------------------------------------

Cause: cannot find symbol
Status: Upgrade Failed.
