[2025-05-17 08:39:32] [ERROR] Project: elasticsearch-jetty
Failed to upgrade dependency: org.apache.commons:commons-lang3
Target Version: 8.19.2
Error:
[ERROR] COMPILATION ERROR : 
[INFO] -------------------------------------------------------------
[ERROR] /src/main/java/com/example/elasticsearch-jetty/App.java:[70,41] cannot find symbol
  symbol:   method builder()
  location: class com.google.common.collect.ImmutableList
[INFO] 1 error
[INFO] -------------------------------------------------------------

Cause: cannot find symbol
Status: Upgrade Failed.
