[2025-06-03 22:00:24] [ERROR] Project: elasticsearch-jetty
Failed to upgrade dependency: io.dropwizard:dropwizard-auth
Target Version: 9.0.10
Error:
[ERROR] COMPILATION ERROR : 
[INFO] -------------------------------------------------------------
[ERROR] /src/main/java/com/example/elasticsearch-jetty/App.java:[99,50] cannot find symbol
  symbol:   class Base64
  location: package java.util
[INFO] 1 error
[INFO] -------------------------------------------------------------

Cause: cannot find symbol
Status: Upgrade Failed.
