[2025-05-28 23:29:15] [ERROR] Project: elasticsearch-jetty
Failed to upgrade dependency: io.dropwizard:dropwizard-auth
Target Version: 2.3.3
Error:
[ERROR] COMPILATION ERROR : 
[INFO] -------------------------------------------------------------
[ERROR] /src/main/java/com/example/elasticsearch-jetty/App.java:[80,39] cannot find symbol
  symbol:   class ObjectMapper
  location: package com.fasterxml.jackson.databind
[INFO] 1 error
[INFO] -------------------------------------------------------------

Cause: cannot find symbol
Status: Upgrade Failed.
