[2025-12-22 00:33:30] [ERROR] Project: elasticsearch-jetty
Failed to upgrade dependency: org.eclipse.jetty:jetty-server
Target Version: 6.3.10
Error:
[ERROR] COMPILATION ERROR : 
[INFO] -------------------------------------------------------------
[ERROR] /src/main/java/com/example/elasticsearch-jetty/App.java:[78,19] cannot find symbol
  symbol:   method builder()
  location: class com.google.common.collect.ImmutableList
[INFO] 1 error
[INFO] -------------------------------------------------------------

Cause: cannot find symbol
Status: Upgrade Failed.
