[2025-05-28 09:26:04] [ERROR] Project: elasticsearch-jetty
Failed to upgrade dependency: org.apache.commons:commons-lang3
Target Version: 9.10.8
Error:
[ERROR] COMPILATION ERROR : 
[INFO] -------------------------------------------------------------
[ERROR] /src/main/java/com/example/elasticsearch-jetty/App.java:[24,35] cannot find symbol
  symbol:   method isEmpty(java.lang.String)
  location: class org.apache.commons.lang3.StringUtils
[INFO] 1 error
[INFO] -------------------------------------------------------------

Cause: cannot find symbol
Status: Upgrade Failed.
