[2025-05-23 05:15:42] [ERROR] Project: elasticsearch-jetty
Failed to upgrade dependency: com.google.guava:guava
Target Version: 9.5.0
Error:
[ERROR] COMPILATION ERROR : 
[INFO] -------------------------------------------------------------
[ERROR] /src/main/java/com/example/elasticsearch-jetty/App.java:[88,21] cannot find symbol
  symbol:   class Base64
  location: package java.util
[INFO] 1 error
[INFO] -------------------------------------------------------------

Cause: cannot find symbol
Status: Upgrade Failed.
