[2025-05-16 06:12:52] [ERROR] Project: elasticsearch-jetty
Failed to upgrade dependency: org.apache.commons:commons-lang3
Target Version: 2.16.6
Error:
[ERROR] COMPILATION ERROR : 
[INFO] -------------------------------------------------------------
[ERROR] /src/main/java/com/example/elasticsearch-jetty/App.java:[17,11] cannot find symbol
  symbol:   method builder()
  location: class com.google.common.collect.ImmutableList
[INFO] 1 error
[INFO] -------------------------------------------------------------

Cause: cannot find symbol
Status: Upgrade Failed.
