[2025-06-03 21:27:08] [ERROR] Project: Ferma
Failed to upgrade dependency: org.springframework:spring-core
Target Version: 9.17.6
Error:
[ERROR] COMPILATION ERROR : 
[INFO] -------------------------------------------------------------
[ERROR] /src/main/java/com/example/Ferma/App.java:[93,50] cannot find symbol
  symbol:   class ObjectMapper
  location: package com.fasterxml.jackson.databind
[INFO] 1 error
[INFO] -------------------------------------------------------------

Cause: cannot find symbol
Status: Upgrade Failed.
