[2025-05-28 03:01:31] [ERROR] Project: Ferma
Failed to upgrade dependency: org.springframework:spring-core
Target Version: 6.16.7
Error:
[ERROR] COMPILATION ERROR : 
[INFO] -------------------------------------------------------------
[ERROR] /src/main/java/com/example/Ferma/App.java:[39,37] cannot find symbol
  symbol:   method isEmpty(java.lang.String)
  location: class org.apache.commons.lang3.StringUtils
[INFO] 1 error
[INFO] -------------------------------------------------------------

Cause: cannot find symbol
Status: Upgrade Failed.
