[2025-05-23 19:59:45] [ERROR] Project: javaembed
Failed to upgrade dependency: io.dropwizard:dropwizard-auth
Target Version: 3.18.10
Error:
[ERROR] COMPILATION ERROR : 
[INFO] -------------------------------------------------------------
[ERROR] /src/main/java/com/example/javaembed/App.java:[62,45] cannot find symbol
  symbol:   class ObjectMapper
  location: package com.fasterxml.jackson.databind
[INFO] 1 error
[INFO] -------------------------------------------------------------

Cause: cannot find symbol
Status: Upgrade Failed.
