[2025-06-16 13:20:32] [ERROR] Project: javaintegrate
Failed to upgrade dependency: org.eclipse.jetty:jetty-server
Target Version: 4.13.1
Error:
[ERROR] COMPILATION ERROR : 
[INFO] -------------------------------------------------------------
[ERROR] /src/main/java/com/example/javaintegrate/App.java:[26,1] cannot find symbol
  symbol:   class StringUtils
  location: package org.apache.commons.lang3
[INFO] 1 error
[INFO] -------------------------------------------------------------

Cause: cannot find symbol
Status: Upgrade Failed.
