[2025-05-17 03:10:01] [ERROR] Project: javaintegrate
Failed to upgrade dependency: org.springframework:spring-core
Target Version: 9.6.6
Error:
[ERROR] COMPILATION ERROR : 
[INFO] -------------------------------------------------------------
[ERROR] /src/main/java/com/example/javaintegrate/App.java:[16,28] cannot find symbol
  symbol:   class Base64
  location: package java.util
[INFO] 1 error
[INFO] -------------------------------------------------------------

Cause: cannot find symbol
Status: Upgrade Failed.
