[2025-05-23 09:27:57] [ERROR] Project: javaintegrate
Failed to upgrade dependency: org.springframework:spring-core
Target Version: 2.5.4
Error:
[ERROR] COMPILATION ERROR : 
[INFO] -------------------------------------------------------------
[ERROR] /src/main/java/com/example/javaintegrate/App.java:[73,27] cannot find symbol
  symbol:   method builder()
  location: class com.google.common.collect.ImmutableList
[INFO] 1 error
[INFO] -------------------------------------------------------------

Cause: cannot find symbol
Status: Upgrade Failed.
