[2025-05-16 21:55:32] [ERROR] Project: javaintegrate
Failed to upgrade dependency: org.eclipse.jetty:jetty-server
Target Version: 9.16.1
Error:
[ERROR] COMPILATION ERROR : 
[INFO] -------------------------------------------------------------
[ERROR] /src/main/java/com/example/javaintegrate/App.java:[91,7] cannot find symbol
  symbol:   method builder()
  location: class com.google.common.collect.ImmutableList
[INFO] 1 error
[INFO] -------------------------------------------------------------

Cause: cannot find symbol
Status: Upgrade Failed.
