[2025-05-30 05:58:36] [ERROR] Project: javaintegrate
Failed to upgrade dependency: io.dropwizard:dropwizard-auth
Target Version: 8.14.4
Error:
[ERROR] COMPILATION ERROR : 
[INFO] -------------------------------------------------------------
[ERROR] /src/main/java/com/example/javaintegrate/App.java:[65,13] cannot find symbol
  symbol:   class ObjectMapper
  location: package com.fasterxml.jackson.databind
[INFO] 1 error
[INFO] -------------------------------------------------------------

Cause: cannot find symbol
Status: Upgrade Failed.
