[2025-05-24 16:46:57] [ERROR] Project: javaembed
Failed to upgrade dependency: org.apache.commons:commons-lang3
Target Version: 4.0.0
Error:
[ERROR] COMPILATION ERROR : 
[INFO] -------------------------------------------------------------
[ERROR] /src/main/java/com/example/javaembed/App.java:[58,45] cannot find symbol
  symbol:   method builder()
  location: class com.google.common.collect.ImmutableList
[INFO] 1 error
[INFO] -------------------------------------------------------------

Cause: cannot find symbol
Status: Upgrade Failed.
