[2025-06-01 01:23:14] [ERROR] Project: javaintegrate
Failed to upgrade dependency: io.dropwizard:dropwizard-auth
Target Version: 9.2.3
Error:
[ERROR] COMPILATION ERROR : 
[INFO] -------------------------------------------------------------
[ERROR] /src/main/java/com/example/javaintegrate/App.java:[24,34] cannot find symbol
  symbol:   method builder()
  location: class com.google.common.collect.ImmutableList
[INFO] 1 error
[INFO] -------------------------------------------------------------

Cause: cannot find symbol
Status: Upgrade Failed.
