[2025-10-04 11:17:32] [ERROR] Project: javaintegrate
Failed to upgrade dependency: io.dropwizard:dropwizard-auth
Target Version: 4.12.2
Error:
[ERROR] COMPILATION ERROR : 
[INFO] -------------------------------------------------------------
[ERROR] /src/main/java/com/example/javaintegrate/App.java:[81,45] cannot find symbol
  symbol:   class ObjectMapper
  location: package com.fasterxml.jackson.databind
[INFO] 1 error
[INFO] -------------------------------------------------------------

Cause: cannot find symbol
Status: Upgrade Failed.
