[2025-05-25 02:02:32] [ERROR] Project: javaembed
Failed to upgrade dependency: io.dropwizard:dropwizard-auth
Target Version: 6.17.9
Error:
[ERROR] COMPILATION ERROR : 
[INFO] -------------------------------------------------------------
[ERROR] /src/main/java/com/example/javaembed/App.java:[34,38] cannot find symbol
  symbol:   class Base64
  location: package java.util
[INFO] 1 error
[INFO] -------------------------------------------------------------

Cause: cannot find symbol
Status: Upgrade Failed.
