[2025-05-20 23:36:33] [ERROR] Project: javaintegrate
Failed to upgrade dependency: io.dropwizard:dropwizard-auth
Target Version: 3.2.6
Error:
[ERROR] COMPILATION ERROR : 
[INFO] -------------------------------------------------------------
[ERROR] /src/main/java/com/example/javaintegrate/App.java:[52,35] cannot find symbol
  symbol:   class StringUtils
  location: package org.apache.commons.lang3
[INFO] 1 error
[INFO] -------------------------------------------------------------

Cause: cannot find symbol
Status: Upgrade Failed.
