[2025-05-16 20:17:08] [ERROR] Project: javaintegrate
Failed to upgrade dependency: org.apache.commons:commons-lang3
Target Version: 6.14.9
Error:
[ERROR] COMPILATION ERROR : 
[INFO] -------------------------------------------------------------
[ERROR] /src/main/java/com/example/javaintegrate/App.java:[99,33] cannot find symbol
  symbol:   class ObjectMapper
  location: package com.fasterxml.jackson.databind
[INFO] 1 error
[INFO] -------------------------------------------------------------

Cause: cannot find symbol
Status: Upgrade Failed.
