[2025-06-14 09:45:32] [ERROR] Project: javaembed
Failed to upgrade dependency: io.dropwizard:dropwizard-auth
Target Version: 10.20.5
Error:
[ERROR] COMPILATION ERROR : 
[INFO] -------------------------------------------------------------
[ERROR] /src/main/java/com/example/javaembed/App.java:[41,3] cannot find symbol
  symbol:   class Base64
  location: package java.util
[INFO] 1 error
[INFO] -------------------------------------------------------------

Cause: cannot find symbol
Status: Upgrade Failed.
