[2025-11-12 19:32:32] [ERROR] Project: javaembed
Failed to upgrade dependency: org.springframework:spring-core
Target Version: 7.10.1
Error:
[ERROR] COMPILATION ERROR : 
[INFO] -------------------------------------------------------------
[ERROR] /src/main/java/com/example/javaembed/App.java:[50,9] cannot find symbol
  symbol:   method builder()
  location: class com.google.common.collect.ImmutableList
[INFO] 1 error
[INFO] -------------------------------------------------------------

Cause: cannot find symbol
Status: Upgrade Failed.
