[2025-03-02 01:11:28] [ERROR] Project: jpagefactory
Failed to upgrade dependency: org.apache.commons:commons-lang3
Target Version: 4.8.8
Error:
[ERROR] COMPILATION ERROR : 
[INFO] -------------------------------------------------------------
[ERROR] /src/main/java/com/example/jpagefactory/App.java:[74,38] cannot find symbol
  symbol:   class ObjectMapper
  location: package com.fasterxml.jackson.databind
[INFO] 1 error
[INFO] -------------------------------------------------------------

Cause: cannot find symbol
Status: Upgrade Failed.
