[2025-05-28 23:19:55] [ERROR] Project: kafka-connect
Failed to upgrade dependency: io.dropwizard:dropwizard-auth
Target Version: 4.1.1
Error:
[ERROR] COMPILATION ERROR : 
[INFO] -------------------------------------------------------------
[ERROR] /src/main/java/com/example/kafka-connect/App.java:[77,39] cannot find symbol
  symbol:   method builder()
  location: class com.google.common.collect.ImmutableList
[INFO] 1 error
[INFO] -------------------------------------------------------------

Cause: cannot find symbol
Status: Upgrade Failed.
