[2025-06-26 17:31:31] [ERROR] Project: ldp4j
Failed to upgrade dependency: io.dropwizard:dropwizard-auth
Target Version: 6.10.3
Error:
[ERROR] COMPILATION ERROR : 
[INFO] -------------------------------------------------------------
[ERROR] /src/main/java/com/example/ldp4j/App.java:[18,46] cannot find symbol
  symbol:   class StringUtils
  location: package org.apache.commons.lang3
[INFO] 1 error
[INFO] -------------------------------------------------------------

Cause: cannot find symbol
Status: Upgrade Failed.
