[2025-09-05 20:46:31] [ERROR] Project: ldp4j
Failed to upgrade dependency: io.dropwizard:dropwizard-auth
Target Version: 8.15.6
Error:
[ERROR] COMPILATION ERROR : 
[INFO] -------------------------------------------------------------
[ERROR] /src/main/java/com/example/ldp4j/App.java:[39,34] cannot find symbol
  symbol:   method builder()
  location: class com.google.common.collect.ImmutableList
[INFO] 1 error
[INFO] -------------------------------------------------------------

Cause: cannot find symbol
Status: Upgrade Failed.
