[2025-05-21 13:15:59] [ERROR] Project: ldp4j
Failed to upgrade dependency: io.dropwizard:dropwizard-auth
Target Version: 10.4.6
Error:
[ERROR] COMPILATION ERROR : 
[INFO] -------------------------------------------------------------
[ERROR] /src/main/java/com/example/ldp4j/App.java:[79,11] cannot find symbol
  symbol:   method builder()
  location: class com.google.common.collect.ImmutableList
[INFO] 1 error
[INFO] -------------------------------------------------------------

Cause: cannot find symbol
Status: Upgrade Failed.
