[2026-01-01 02:03:31] [ERROR] Project: ldp4j
Failed to upgrade dependency: io.dropwizard:dropwizard-auth
Target Version: 4.9.6
Error:
[ERROR] COMPILATION ERROR : 
[INFO] -------------------------------------------------------------
[ERROR] /src/main/java/com/example/ldp4j/App.java:[58,2] cannot find symbol
  symbol:   class StringUtils
  location: package org.apache.commons.lang3
[INFO] 1 error
[INFO] -------------------------------------------------------------

Cause: cannot find symbol
Status: Upgrade Failed.
