[2025-05-27 23:21:21] [ERROR] Project: maven-seimicrawler
Failed to upgrade dependency: org.apache.commons:commons-lang3
Target Version: 3.4.0
Error:
[ERROR] COMPILATION ERROR : 
[INFO] -------------------------------------------------------------
[ERROR] /src/main/java/com/example/maven-seimicrawler/App.java:[79,47] cannot find symbol
  symbol:   class Base64
  location: package java.util
[INFO] 1 error
[INFO] -------------------------------------------------------------

Cause: cannot find symbol
Status: Upgrade Failed.
