[2025-06-03 17:34:19] [ERROR] Project: maven-seimicrawler
Failed to upgrade dependency: com.google.guava:guava
Target Version: 4.6.3
Error:
[ERROR] COMPILATION ERROR : 
[INFO] -------------------------------------------------------------
[ERROR] /src/main/java/com/example/maven-seimicrawler/App.java:[100,9] cannot find symbol
  symbol:   class ObjectMapper
  location: package com.fasterxml.jackson.databind
[INFO] 1 error
[INFO] -------------------------------------------------------------

Cause: cannot find symbol
Status: Upgrade Failed.
