[2025-03-25 17:29:28] [ERROR] Project: maven-seimicrawler
Failed to upgrade dependency: org.eclipse.jetty:jetty-server
Target Version: 3.6.6
Error:
[ERROR] COMPILATION ERROR : 
[INFO] -------------------------------------------------------------
[ERROR] /src/main/java/com/example/maven-seimicrawler/App.java:[74,22] cannot find symbol
  symbol:   class ObjectMapper
  location: package com.fasterxml.jackson.databind
[INFO] 1 error
[INFO] -------------------------------------------------------------

Cause: cannot find symbol
Status: Upgrade Failed.
