[2025-05-20 12:54:51] [ERROR] Project: maven-seimicrawler
Failed to upgrade dependency: io.dropwizard:dropwizard-auth
Target Version: 6.8.10
Error:
[ERROR] COMPILATION ERROR : 
[INFO] -------------------------------------------------------------
[ERROR] /src/main/java/com/example/maven-seimicrawler/App.java:[82,3] cannot find symbol
  symbol:   class StringUtils
  location: package org.apache.commons.lang3
[INFO] 1 error
[INFO] -------------------------------------------------------------

Cause: cannot find symbol
Status: Upgrade Failed.
