[2025-01-22 14:49:28] [ERROR] Project: maven-seimicrawler
Failed to upgrade dependency: io.dropwizard:dropwizard-auth
Target Version: 2.10.6
Error:
[ERROR] COMPILATION ERROR : 
[INFO] -------------------------------------------------------------
[ERROR] /src/main/java/com/example/maven-seimicrawler/App.java:[51,1] cannot find symbol
  symbol:   method builder()
  location: class com.google.common.collect.ImmutableList
[INFO] 1 error
[INFO] -------------------------------------------------------------

Cause: cannot find symbol
Status: Upgrade Failed.
