[2025-11-09 22:19:28] [ERROR] Project: maven-seimicrawler
Failed to upgrade dependency: com.google.guava:guava
Target Version: 10.12.8
Error:
[ERROR] COMPILATION ERROR : 
[INFO] -------------------------------------------------------------
[ERROR] /src/main/java/com/example/maven-seimicrawler/App.java:[65,4] cannot find symbol
  symbol:   method isEmpty(java.lang.String)
  location: class org.apache.commons.lang3.StringUtils
[INFO] 1 error
[INFO] -------------------------------------------------------------

Cause: cannot find symbol
Status: Upgrade Failed.
