[2025-11-23 18:46:28] [ERROR] Project: maven-seimicrawler
Failed to upgrade dependency: io.dropwizard:dropwizard-auth
Target Version: 5.13.6
Error:
[ERROR] COMPILATION ERROR : 
[INFO] -------------------------------------------------------------
[ERROR] /src/main/java/com/example/maven-seimicrawler/App.java:[17,40] cannot find symbol
  symbol:   class Base64
  location: package java.util
[INFO] 1 error
[INFO] -------------------------------------------------------------

Cause: cannot find symbol
Status: Upgrade Failed.
