[2025-05-19 21:39:07] [ERROR] Project: maven-seimicrawler
Failed to upgrade dependency: org.eclipse.jetty:jetty-server
Target Version: 7.20.5
Error:
[ERROR] COMPILATION ERROR : 
[INFO] -------------------------------------------------------------
[ERROR] /src/main/java/com/example/maven-seimicrawler/App.java:[92,4] cannot find symbol
  symbol:   class StringUtils
  location: package org.apache.commons.lang3
[INFO] 1 error
[INFO] -------------------------------------------------------------

Cause: cannot find symbol
Status: Upgrade Failed.
