[2025-05-29 00:58:01] [ERROR] Project: maven-seimicrawler
Failed to upgrade dependency: io.dropwizard:dropwizard-auth
Target Version: 10.0.0
Error:
[ERROR] COMPILATION ERROR : 
[INFO] -------------------------------------------------------------
[ERROR] /src/main/java/com/example/maven-seimicrawler/App.java:[64,27] cannot find symbol
  symbol:   method isEmpty(java.lang.String)
  location: class org.apache.commons.lang3.StringUtils
[INFO] 1 error
[INFO] -------------------------------------------------------------

Cause: cannot find symbol
Status: Upgrade Failed.
