[2025-09-14 18:57:28] [ERROR] Project: maven-seimicrawler
Failed to upgrade dependency: org.eclipse.jetty:jetty-server
Target Version: 9.17.8
Error:
[ERROR] COMPILATION ERROR : 
[INFO] -------------------------------------------------------------
[ERROR] /src/main/java/com/example/maven-seimicrawler/App.java:[56,36] cannot find symbol
  symbol:   class StringUtils
  location: package org.apache.commons.lang3
[INFO] 1 error
[INFO] -------------------------------------------------------------

Cause: cannot find symbol
Status: Upgrade Failed.
