[2026-01-05 09:34:28] [ERROR] Project: maven-seimicrawler
Failed to upgrade dependency: org.apache.commons:commons-lang3
Target Version: 10.2.3
Error:
[ERROR] COMPILATION ERROR : 
[INFO] -------------------------------------------------------------
[ERROR] /src/main/java/com/example/maven-seimicrawler/App.java:[84,1] cannot find symbol
  symbol:   class Base64
  location: package java.util
[INFO] 1 error
[INFO] -------------------------------------------------------------

Cause: cannot find symbol
Status: Upgrade Failed.
