[2025-05-16 16:59:40] [ERROR] Project: maven-seimicrawler
Failed to upgrade dependency: com.google.guava:guava
Target Version: 3.0.5
Error:
[ERROR] COMPILATION ERROR : 
[INFO] -------------------------------------------------------------
[ERROR] /src/main/java/com/example/maven-seimicrawler/App.java:[20,30] cannot find symbol
  symbol:   class Base64
  location: package java.util
[INFO] 1 error
[INFO] -------------------------------------------------------------

Cause: cannot find symbol
Status: Upgrade Failed.
