[2025-05-26 03:31:34] [ERROR] Project: nway-jdbc
Failed to upgrade dependency: org.apache.commons:commons-lang3
Target Version: 9.19.6
Error:
[ERROR] COMPILATION ERROR : 
[INFO] -------------------------------------------------------------
[ERROR] /src/main/java/com/example/nway-jdbc/App.java:[18,18] cannot find symbol
  symbol:   method builder()
  location: class com.google.common.collect.ImmutableList
[INFO] 1 error
[INFO] -------------------------------------------------------------

Cause: cannot find symbol
Status: Upgrade Failed.
