[2025-03-23 05:39:32] [ERROR] Project: nway-jdbc
Failed to upgrade dependency: io.dropwizard:dropwizard-auth
Target Version: 7.5.4
Error:
[ERROR] COMPILATION ERROR : 
[INFO] -------------------------------------------------------------
[ERROR] /src/main/java/com/example/nway-jdbc/App.java:[93,11] cannot find symbol
  symbol:   method builder()
  location: class com.google.common.collect.ImmutableList
[INFO] 1 error
[INFO] -------------------------------------------------------------

Cause: cannot find symbol
Status: Upgrade Failed.
