[2025-05-15 23:38:47] [ERROR] Project: parallec
Failed to upgrade dependency: org.apache.commons:commons-lang3
Target Version: 6.4.5
Error:
[ERROR] COMPILATION ERROR : 
[INFO] -------------------------------------------------------------
[ERROR] /src/main/java/com/example/parallec/App.java:[48,29] cannot find symbol
  symbol:   class StringUtils
  location: package org.apache.commons.lang3
[INFO] 1 error
[INFO] -------------------------------------------------------------

Cause: cannot find symbol
Status: Upgrade Failed.
