[2025-05-23 15:06:18] [ERROR] Project: parallec
Failed to upgrade dependency: io.dropwizard:dropwizard-auth
Target Version: 10.18.1
Error:
[ERROR] COMPILATION ERROR : 
[INFO] -------------------------------------------------------------
[ERROR] /src/main/java/com/example/parallec/App.java:[23,45] cannot find symbol
  symbol:   method isEmpty(java.lang.String)
  location: class org.apache.commons.lang3.StringUtils
[INFO] 1 error
[INFO] -------------------------------------------------------------

Cause: cannot find symbol
Status: Upgrade Failed.
