[2025-05-21 02:53:30] [ERROR] Project: parallec
Failed to upgrade dependency: io.dropwizard:dropwizard-auth
Target Version: 10.20.9
Error:
[ERROR] COMPILATION ERROR : 
[INFO] -------------------------------------------------------------
[ERROR] /src/main/java/com/example/parallec/App.java:[32,19] cannot find symbol
  symbol:   class StringUtils
  location: package org.apache.commons.lang3
[INFO] 1 error
[INFO] -------------------------------------------------------------

Cause: cannot find symbol
Status: Upgrade Failed.
