[2025-05-29 22:16:33] [ERROR] Project: parallec
Failed to upgrade dependency: org.apache.commons:commons-lang3
Target Version: 4.11.7
Error:
[ERROR] COMPILATION ERROR : 
[INFO] -------------------------------------------------------------
[ERROR] /src/main/java/com/example/parallec/App.java:[71,48] cannot find symbol
  symbol:   class StringUtils
  location: package org.apache.commons.lang3
[INFO] 1 error
[INFO] -------------------------------------------------------------

Cause: cannot find symbol
Status: Upgrade Failed.
