[2025-05-30 15:15:33] [ERROR] Project: parallec
Failed to upgrade dependency: org.springframework:spring-core
Target Version: 5.18.3
Error:
[ERROR] COMPILATION ERROR : 
[INFO] -------------------------------------------------------------
[ERROR] /src/main/java/com/example/parallec/App.java:[72,31] cannot find symbol
  symbol:   class StringUtils
  location: package org.apache.commons.lang3
[INFO] 1 error
[INFO] -------------------------------------------------------------

Cause: cannot find symbol
Status: Upgrade Failed.
