[2026-01-01 08:35:30] [ERROR] Project: parallec
Failed to upgrade dependency: org.springframework:spring-core
Target Version: 5.17.10
Error:
[ERROR] COMPILATION ERROR : 
[INFO] -------------------------------------------------------------
[ERROR] /src/main/java/com/example/parallec/App.java:[75,7] cannot find symbol
  symbol:   method builder()
  location: class com.google.common.collect.ImmutableList
[INFO] 1 error
[INFO] -------------------------------------------------------------

Cause: cannot find symbol
Status: Upgrade Failed.
