[2025-05-31 13:37:26] [ERROR] Project: POC_core
Failed to upgrade dependency: io.dropwizard:dropwizard-auth
Target Version: 6.13.1
Error:
[ERROR] COMPILATION ERROR : 
[INFO] -------------------------------------------------------------
[ERROR] /src/main/java/com/example/POC_core/App.java:[76,12] cannot find symbol
  symbol:   method isEmpty(java.lang.String)
  location: class org.apache.commons.lang3.StringUtils
[INFO] 1 error
[INFO] -------------------------------------------------------------

Cause: cannot find symbol
Status: Upgrade Failed.
