[2025-05-21 13:20:31] [ERROR] Project: props2yaml
Failed to upgrade dependency: org.springframework:spring-core
Target Version: 7.11.9
Error:
[ERROR] COMPILATION ERROR : 
[INFO] -------------------------------------------------------------
[ERROR] /src/main/java/com/example/props2yaml/App.java:[47,31] cannot find symbol
  symbol:   class StringUtils
  location: package org.apache.commons.lang3
[INFO] 1 error
[INFO] -------------------------------------------------------------

Cause: cannot find symbol
Status: Upgrade Failed.
