[2025-05-27 01:39:12] [ERROR] Project: props2yaml
Failed to upgrade dependency: org.springframework:spring-core
Target Version: 5.4.7
Error:
[ERROR] COMPILATION ERROR : 
[INFO] -------------------------------------------------------------
[ERROR] /src/main/java/com/example/props2yaml/App.java:[45,43] cannot find symbol
  symbol:   method builder()
  location: class com.google.common.collect.ImmutableList
[INFO] 1 error
[INFO] -------------------------------------------------------------

Cause: cannot find symbol
Status: Upgrade Failed.
