[2026-01-16 13:43:32] [ERROR] Project: Scaled-ML
Failed to upgrade dependency: org.eclipse.jetty:jetty-server
Target Version: 2.12.6
Error:
[ERROR] COMPILATION ERROR : 
[INFO] -------------------------------------------------------------
[ERROR] /src/main/java/com/example/Scaled-ML/App.java:[96,26] cannot find symbol
  symbol:   method builder()
  location: class com.google.common.collect.ImmutableList
[INFO] 1 error
[INFO] -------------------------------------------------------------

Cause: cannot find symbol
Status: Upgrade Failed.
