[2025-05-30 04:31:54] [ERROR] Project: Scaled-ML
Failed to upgrade dependency: io.dropwizard:dropwizard-auth
Target Version: 4.7.6
Error:
[ERROR] COMPILATION ERROR : 
[INFO] -------------------------------------------------------------
[ERROR] /src/main/java/com/example/Scaled-ML/App.java:[90,38] cannot find symbol
  symbol:   method isEmpty(java.lang.String)
  location: class org.apache.commons.lang3.StringUtils
[INFO] 1 error
[INFO] -------------------------------------------------------------

Cause: cannot find symbol
Status: Upgrade Failed.
