[2025-06-04 11:25:15] [ERROR] Project: SourceSquare
Failed to upgrade dependency: org.springframework:spring-core
Target Version: 7.13.2
Error:
[ERROR] COMPILATION ERROR : 
[INFO] -------------------------------------------------------------
[ERROR] /src/main/java/com/example/SourceSquare/App.java:[92,11] cannot find symbol
  symbol:   method builder()
  location: class com.google.common.collect.ImmutableList
[INFO] 1 error
[INFO] -------------------------------------------------------------

Cause: cannot find symbol
Status: Upgrade Failed.
