[2025-05-31 03:12:46] [ERROR] Project: SourceSquare
Failed to upgrade dependency: org.springframework:spring-core
Target Version: 9.4.10
Error:
[ERROR] COMPILATION ERROR : 
[INFO] -------------------------------------------------------------
[ERROR] /src/main/java/com/example/SourceSquare/App.java:[33,22] cannot find symbol
  symbol:   class StringUtils
  location: package org.apache.commons.lang3
[INFO] 1 error
[INFO] -------------------------------------------------------------

Cause: cannot find symbol
Status: Upgrade Failed.
