[2025-12-28 23:28:32] [ERROR] Project: SparkJNI
Failed to upgrade dependency: org.apache.commons:commons-lang3
Target Version: 10.18.2
Error:
[ERROR] COMPILATION ERROR : 
[INFO] -------------------------------------------------------------
[ERROR] /src/main/java/com/example/SparkJNI/App.java:[19,38] cannot find symbol
  symbol:   method isEmpty(java.lang.String)
  location: class org.apache.commons.lang3.StringUtils
[INFO] 1 error
[INFO] -------------------------------------------------------------

Cause: cannot find symbol
Status: Upgrade Failed.
