[2025-06-03 02:38:27] [ERROR] Project: SparkJNI
Failed to upgrade dependency: org.springframework:spring-core
Target Version: 9.18.7
Error:
[ERROR] COMPILATION ERROR : 
[INFO] -------------------------------------------------------------
[ERROR] /src/main/java/com/example/SparkJNI/App.java:[25,37] cannot find symbol
  symbol:   class Base64
  location: package java.util
[INFO] 1 error
[INFO] -------------------------------------------------------------

Cause: cannot find symbol
Status: Upgrade Failed.
