[2025-05-18 17:16:57] [ERROR] Project: SparkJNI
Failed to upgrade dependency: org.apache.commons:commons-lang3
Target Version: 6.5.6
Error:
[ERROR] COMPILATION ERROR : 
[INFO] -------------------------------------------------------------
[ERROR] /src/main/java/com/example/SparkJNI/App.java:[52,46] cannot find symbol
  symbol:   class ObjectMapper
  location: package com.fasterxml.jackson.databind
[INFO] 1 error
[INFO] -------------------------------------------------------------

Cause: cannot find symbol
Status: Upgrade Failed.
