[2025-05-31 03:46:38] [ERROR] Project: spring-boot-oauth2
Failed to upgrade dependency: org.apache.commons:commons-lang3
Target Version: 4.17.0
Error:
[ERROR] COMPILATION ERROR : 
[INFO] -------------------------------------------------------------
[ERROR] /src/main/java/com/example/spring-boot-oauth2/App.java:[18,9] cannot find symbol
  symbol:   class Base64
  location: package java.util
[INFO] 1 error
[INFO] -------------------------------------------------------------

Cause: cannot find symbol
Status: Upgrade Failed.
