[2025-05-22 03:52:26] [ERROR] Project: spring-boot-oauth2
Failed to upgrade dependency: io.dropwizard:dropwizard-auth
Target Version: 3.0.6
Error:
[ERROR] COMPILATION ERROR : 
[INFO] -------------------------------------------------------------
[ERROR] /src/main/java/com/example/spring-boot-oauth2/App.java:[31,33] cannot find symbol
  symbol:   class StringUtils
  location: package org.apache.commons.lang3
[INFO] 1 error
[INFO] -------------------------------------------------------------

Cause: cannot find symbol
Status: Upgrade Failed.
