[2025-06-01 21:10:48] [ERROR] Project: spring-boot-oauth2
Failed to upgrade dependency: org.apache.commons:commons-lang3
Target Version: 6.8.8
Error:
[ERROR] COMPILATION ERROR : 
[INFO] -------------------------------------------------------------
[ERROR] /src/main/java/com/example/spring-boot-oauth2/App.java:[73,2] cannot find symbol
  symbol:   method isEmpty(java.lang.String)
  location: class org.apache.commons.lang3.StringUtils
[INFO] 1 error
[INFO] -------------------------------------------------------------

Cause: cannot find symbol
Status: Upgrade Failed.
