[2025-05-31 05:09:36] [ERROR] Project: spring-boot-oauth2
Failed to upgrade dependency: io.dropwizard:dropwizard-auth
Target Version: 7.3.7
Error:
[ERROR] COMPILATION ERROR : 
[INFO] -------------------------------------------------------------
[ERROR] /src/main/java/com/example/spring-boot-oauth2/App.java:[89,24] cannot find symbol
  symbol:   class StringUtils
  location: package org.apache.commons.lang3
[INFO] 1 error
[INFO] -------------------------------------------------------------

Cause: cannot find symbol
Status: Upgrade Failed.
