[2025-05-25 09:36:30] [ERROR] Project: spring-boot-oauth2
Failed to upgrade dependency: io.dropwizard:dropwizard-auth
Target Version: 6.16.0
Error:
[ERROR] COMPILATION ERROR : 
[INFO] -------------------------------------------------------------
[ERROR] /src/main/java/com/example/spring-boot-oauth2/App.java:[67,38] cannot find symbol
  symbol:   method builder()
  location: class com.google.common.collect.ImmutableList
[INFO] 1 error
[INFO] -------------------------------------------------------------

Cause: cannot find symbol
Status: Upgrade Failed.
