[2025-05-28 00:13:42] [ERROR] Project: spring-boot-oauth2
Failed to upgrade dependency: org.apache.commons:commons-lang3
Target Version: 3.6.9
Error:
[ERROR] COMPILATION ERROR : 
[INFO] -------------------------------------------------------------
[ERROR] /src/main/java/com/example/spring-boot-oauth2/App.java:[17,35] cannot find symbol
  symbol:   method builder()
  location: class com.google.common.collect.ImmutableList
[INFO] 1 error
[INFO] -------------------------------------------------------------

Cause: cannot find symbol
Status: Upgrade Failed.
