[2025-05-30 12:56:07] [ERROR] Project: spring-boot-oauth2
Failed to upgrade dependency: org.springframework:spring-core
Target Version: 3.13.6
Error:
[ERROR] COMPILATION ERROR : 
[INFO] -------------------------------------------------------------
[ERROR] /src/main/java/com/example/spring-boot-oauth2/App.java:[63,23] cannot find symbol
  symbol:   method isEmpty(java.lang.String)
  location: class org.apache.commons.lang3.StringUtils
[INFO] 1 error
[INFO] -------------------------------------------------------------

Cause: cannot find symbol
Status: Upgrade Failed.
