[2025-05-19 04:57:41] [ERROR] Project: spring-boot-oauth2
Failed to upgrade dependency: org.apache.commons:commons-lang3
Target Version: 5.12.9
Error:
[ERROR] COMPILATION ERROR : 
[INFO] -------------------------------------------------------------
[ERROR] /src/main/java/com/example/spring-boot-oauth2/App.java:[20,40] cannot find symbol
  symbol:   class StringUtils
  location: package org.apache.commons.lang3
[INFO] 1 error
[INFO] -------------------------------------------------------------

Cause: cannot find symbol
Status: Upgrade Failed.
