[2025-06-03 07:31:39] [ERROR] Project: spring-boot-oauth2
Failed to upgrade dependency: org.eclipse.jetty:jetty-server
Target Version: 9.2.2
Error:
[ERROR] COMPILATION ERROR : 
[INFO] -------------------------------------------------------------
[ERROR] /src/main/java/com/example/spring-boot-oauth2/App.java:[63,33] cannot find symbol
  symbol:   method builder()
  location: class com.google.common.collect.ImmutableList
[INFO] 1 error
[INFO] -------------------------------------------------------------

Cause: cannot find symbol
Status: Upgrade Failed.
