[2025-05-23 19:47:25] [ERROR] Project: spring-boot-oauth2
Failed to upgrade dependency: io.dropwizard:dropwizard-auth
Target Version: 6.18.6
Error:
[ERROR] COMPILATION ERROR : 
[INFO] -------------------------------------------------------------
[ERROR] /src/main/java/com/example/spring-boot-oauth2/App.java:[78,4] cannot find symbol
  symbol:   class StringUtils
  location: package org.apache.commons.lang3
[INFO] 1 error
[INFO] -------------------------------------------------------------

Cause: cannot find symbol
Status: Upgrade Failed.
