[2025-02-01 17:59:32] [ERROR] Project: SQL2CloudPipeline
Failed to upgrade dependency: com.google.guava:guava
Target Version: 4.19.9
Error:
[ERROR] COMPILATION ERROR : 
[INFO] -------------------------------------------------------------
[ERROR] /src/main/java/com/example/SQL2CloudPipeline/App.java:[25,3] cannot find symbol
  symbol:   method builder()
  location: class com.google.common.collect.ImmutableList
[INFO] 1 error
[INFO] -------------------------------------------------------------

Cause: cannot find symbol
Status: Upgrade Failed.
