[2025-06-01 03:39:59] [ERROR] Project: SQL2CloudPipeline
Failed to upgrade dependency: io.dropwizard:dropwizard-auth
Target Version: 4.11.7
Error:
[ERROR] COMPILATION ERROR : 
[INFO] -------------------------------------------------------------
[ERROR] /src/main/java/com/example/SQL2CloudPipeline/App.java:[27,36] cannot find symbol
  symbol:   class ObjectMapper
  location: package com.fasterxml.jackson.databind
[INFO] 1 error
[INFO] -------------------------------------------------------------

Cause: cannot find symbol
Status: Upgrade Failed.
